
> @suksiaj/jsui@0.0.3 build-storybook
> storybook build --output-dir=C:\Users\zuksi\AppData\Local\Temp\chromatic--24324-4hGj3NqMY8eu

[1mstorybook v10.0.8
[22m
info => Cleaning outputDir: [36m../../AppData/Local/Temp/chromatic--24324-4hGj3NqMY8eu[39m
info => Loading presets
info => Building manager..
info => Building preview..
[36mvite v7.2.2 [32mbuilding client environment for production...[36m[39m
transforming...
[32m✓[39m 1424 modules transformed.
rendering chunks...
[2m../../AppData/Local/Temp/chromatic--24324-4hGj3NqMY8eu/[22m[32massets/roboto-vietnamese-400-normal-BYP5tVVv.woff     [39m[1m[2m    5.44 kB[22m[1m[22m
[2m../../AppData/Local/Temp/chromatic--24324-4hGj3NqMY8eu/[22m[32massets/roboto-vietnamese-700-normal-BhieYfot.woff     [39m[1m[2m    5.44 kB[22m[1m[22m
[2m../../AppData/Local/Temp/chromatic--24324-4hGj3NqMY8eu/[22m[32massets/roboto-vietnamese-300-normal-CBwYb71Q.woff     [39m[1m[2m    5.48 kB[22m[1m[22m
[2m../../AppData/Local/Temp/chromatic--24324-4hGj3NqMY8eu/[22m[32massets/roboto-vietnamese-500-normal-CUzdRVXb.woff     [39m[1m[2m    5.48 kB[22m[1m[22m
[2m../../AppData/Local/Temp/chromatic--24324-4hGj3NqMY8eu/[22m[32massets/roboto-greek-400-normal-DwVopRQH.woff          [39m[1m[2m    7.47 kB[22m[1m[22m
[2m../../AppData/Local/Temp/chromatic--24324-4hGj3NqMY8eu/[22m[32massets/roboto-greek-300-normal-BMtCIBFp.woff          [39m[1m[2m    7.48 kB[22m[1m[22m
[2m../../AppData/Local/Temp/chromatic--24324-4hGj3NqMY8eu/[22m[32massets/roboto-greek-700-normal-Bi9oTykh.woff          [39m[1m[2m    7.48 kB[22m[1m[22m
[2m../../AppData/Local/Temp/chromatic--24324-4hGj3NqMY8eu/[22m[32massets/roboto-greek-500-normal-B0wzjI_J.woff          [39m[1m[2m    7.51 kB[22m[1m[22m
[2m../../AppData/Local/Temp/chromatic--24324-4hGj3NqMY8eu/[22m[32massets/roboto-vietnamese-300-normal-CNeuLW5X.woff2    [39m[1m[2m    7.84 kB[22m[1m[22m
[2m../../AppData/Local/Temp/chromatic--24324-4hGj3NqMY8eu/[22m[32massets/roboto-vietnamese-500-normal-HYpufUYk.woff2    [39m[1m[2m    7.84 kB[22m[1m[22m
[2m../../AppData/Local/Temp/chromatic--24324-4hGj3NqMY8eu/[22m[32massets/roboto-vietnamese-400-normal-CDDxGrUb.woff2    [39m[1m[2m    7.86 kB[22m[1m[22m
[2m../../AppData/Local/Temp/chromatic--24324-4hGj3NqMY8eu/[22m[32massets/roboto-vietnamese-700-normal-iKxYNAzq.woff2    [39m[1m[2m    7.88 kB[22m[1m[22m
[2m../../AppData/Local/Temp/chromatic--24324-4hGj3NqMY8eu/[22m[32massets/roboto-symbols-500-normal-B3xPS0M7.woff        [39m[1m[2m    8.64 kB[22m[1m[22m
[2m../../AppData/Local/Temp/chromatic--24324-4hGj3NqMY8eu/[22m[32massets/roboto-symbols-400-normal-B2LMqLB2.woff        [39m[1m[2m    8.66 kB[22m[1m[22m
[2m../../AppData/Local/Temp/chromatic--24324-4hGj3NqMY8eu/[22m[32massets/roboto-symbols-700-normal-BT-mnhPp.woff        [39m[1m[2m    8.68 kB[22m[1m[22m
[2m../../AppData/Local/Temp/chromatic--24324-4hGj3NqMY8eu/[22m[32massets/roboto-symbols-300-normal-zmF1mPr_.woff        [39m[1m[2m    8.74 kB[22m[1m[22m
[2m../../AppData/Local/Temp/chromatic--24324-4hGj3NqMY8eu/[22m[32massets/roboto-greek-300-normal-Cnub06j7.woff2         [39m[1m[2m    9.56 kB[22m[1m[22m
[2m../../AppData/Local/Temp/chromatic--24324-4hGj3NqMY8eu/[22m[32massets/roboto-greek-500-normal-BJMS0heP.woff2         [39m[1m[2m    9.64 kB[22m[1m[22m
[2m../../AppData/Local/Temp/chromatic--24324-4hGj3NqMY8eu/[22m[32massets/roboto-greek-400-normal-jFM2czAU.woff2         [39m[1m[2m    9.64 kB[22m[1m[22m
[2m../../AppData/Local/Temp/chromatic--24324-4hGj3NqMY8eu/[22m[32massets/roboto-greek-700-normal-BcGn9doz.woff2         [39m[1m[2m    9.67 kB[22m[1m[22m
[2m../../AppData/Local/Temp/chromatic--24324-4hGj3NqMY8eu/[22m[32massets/roboto-cyrillic-400-normal-C5q4FMUG.woff       [39m[1m[2m    9.73 kB[22m[1m[22m
[2m../../AppData/Local/Temp/chromatic--24324-4hGj3NqMY8eu/[22m[32massets/roboto-cyrillic-300-normal-Cb01H779.woff       [39m[1m[2m    9.78 kB[22m[1m[22m
[2m../../AppData/Local/Temp/chromatic--24324-4hGj3NqMY8eu/[22m[32massets/roboto-cyrillic-500-normal-DhPqGoNQ.woff       [39m[1m[2m    9.90 kB[22m[1m[22m
[2m../../AppData/Local/Temp/chromatic--24324-4hGj3NqMY8eu/[22m[32massets/roboto-cyrillic-700-normal-bDW9bgt5.woff       [39m[1m[2m    9.90 kB[22m[1m[22m
[2m../../AppData/Local/Temp/chromatic--24324-4hGj3NqMY8eu/[22m[32massets/roboto-symbols-400-normal-fF1SLJBj.woff2       [39m[1m[2m   10.58 kB[22m[1m[22m
[2m../../AppData/Local/Temp/chromatic--24324-4hGj3NqMY8eu/[22m[32massets/roboto-symbols-300-normal-BtHl5mYl.woff2       [39m[1m[2m   10.62 kB[22m[1m[22m
[2m../../AppData/Local/Temp/chromatic--24324-4hGj3NqMY8eu/[22m[32massets/roboto-symbols-500-normal-BXFTxrNR.woff2       [39m[1m[2m   10.73 kB[22m[1m[22m
[2m../../AppData/Local/Temp/chromatic--24324-4hGj3NqMY8eu/[22m[32massets/roboto-symbols-700-normal-rJi6RjIy.woff2       [39m[1m[2m   10.86 kB[22m[1m[22m
[2m../../AppData/Local/Temp/chromatic--24324-4hGj3NqMY8eu/[22m[32massets/roboto-cyrillic-300-normal-BoeCr7ev.woff2      [39m[1m[2m   11.83 kB[22m[1m[22m
[2m../../AppData/Local/Temp/chromatic--24324-4hGj3NqMY8eu/[22m[32massets/roboto-cyrillic-400-normal-DAIM1_dR.woff2      [39m[1m[2m   11.84 kB[22m[1m[22m
[2m../../AppData/Local/Temp/chromatic--24324-4hGj3NqMY8eu/[22m[32massets/roboto-cyrillic-700-normal-BiSG5NnW.woff2      [39m[1m[2m   11.94 kB[22m[1m[22m
[2m../../AppData/Local/Temp/chromatic--24324-4hGj3NqMY8eu/[22m[32massets/roboto-cyrillic-500-normal-hCeO1jFL.woff2      [39m[1m[2m   11.98 kB[22m[1m[22m
[2m../../AppData/Local/Temp/chromatic--24324-4hGj3NqMY8eu/[22m[32massets/roboto-latin-ext-400-normal-BG57dRWO.woff      [39m[1m[2m   12.47 kB[22m[1m[22m
[2m../../AppData/Local/Temp/chromatic--24324-4hGj3NqMY8eu/[22m[32massets/roboto-latin-ext-700-normal-B3Q5yJJO.woff      [39m[1m[2m   12.48 kB[22m[1m[22m
[2m../../AppData/Local/Temp/chromatic--24324-4hGj3NqMY8eu/[22m[32massets/roboto-latin-ext-500-normal-EUd9mLnZ.woff      [39m[1m[2m   12.52 kB[22m[1m[22m
[2m../../AppData/Local/Temp/chromatic--24324-4hGj3NqMY8eu/[22m[32massets/roboto-latin-ext-300-normal-9Myisv2Z.woff      [39m[1m[2m   12.58 kB[22m[1m[22m
[2m../../AppData/Local/Temp/chromatic--24324-4hGj3NqMY8eu/[22m[32massets/roboto-latin-ext-300-normal-BOz0oSmX.woff2     [39m[1m[2m   13.74 kB[22m[1m[22m
[2m../../AppData/Local/Temp/chromatic--24324-4hGj3NqMY8eu/[22m[32massets/roboto-latin-ext-400-normal-ZYmyxeOy.woff2     [39m[1m[2m   13.74 kB[22m[1m[22m
[2m../../AppData/Local/Temp/chromatic--24324-4hGj3NqMY8eu/[22m[32massets/roboto-latin-ext-500-normal-C_ARlJGk.woff2     [39m[1m[2m   13.98 kB[22m[1m[22m
[2m../../AppData/Local/Temp/chromatic--24324-4hGj3NqMY8eu/[22m[32massets/roboto-latin-ext-700-normal-70GS1MYH.woff2     [39m[1m[2m   14.02 kB[22m[1m[22m
[2m../../AppData/Local/Temp/chromatic--24324-4hGj3NqMY8eu/[22m[32massets/roboto-cyrillic-ext-300-normal-D2-2MTar.woff   [39m[1m[2m   15.38 kB[22m[1m[22m
[2m../../AppData/Local/Temp/chromatic--24324-4hGj3NqMY8eu/[22m[32massets/roboto-cyrillic-ext-400-normal-5IDvadIC.woff   [39m[1m[2m   15.40 kB[22m[1m[22m
[2m../../AppData/Local/Temp/chromatic--24324-4hGj3NqMY8eu/[22m[32massets/roboto-cyrillic-ext-500-normal-aAFKCR76.woff   [39m[1m[2m   15.52 kB[22m[1m[22m
[2m../../AppData/Local/Temp/chromatic--24324-4hGj3NqMY8eu/[22m[32massets/roboto-cyrillic-ext-700-normal-Ct5_lukf.woff   [39m[1m[2m   15.52 kB[22m[1m[22m
[2m../../AppData/Local/Temp/chromatic--24324-4hGj3NqMY8eu/[22m[32massets/roboto-cyrillic-ext-400-normal-DzMWdK87.woff2  [39m[1m[2m   16.85 kB[22m[1m[22m
[2m../../AppData/Local/Temp/chromatic--24324-4hGj3NqMY8eu/[22m[32massets/roboto-cyrillic-ext-300-normal-CUPJdUZp.woff2  [39m[1m[2m   16.91 kB[22m[1m[22m
[2m../../AppData/Local/Temp/chromatic--24324-4hGj3NqMY8eu/[22m[32massets/roboto-cyrillic-ext-500-normal-B7rQpwPu.woff2  [39m[1m[2m   17.16 kB[22m[1m[22m
[2m../../AppData/Local/Temp/chromatic--24324-4hGj3NqMY8eu/[22m[32massets/roboto-cyrillic-ext-700-normal-UFn0vR9r.woff2  [39m[1m[2m   17.21 kB[22m[1m[22m
[2m../../AppData/Local/Temp/chromatic--24324-4hGj3NqMY8eu/[22m[32massets/roboto-math-400-normal-BRMeFL5Z.woff           [39m[1m[2m   18.28 kB[22m[1m[22m
[2m../../AppData/Local/Temp/chromatic--24324-4hGj3NqMY8eu/[22m[32miframe.html                                           [39m[1m[2m   18.29 kB[22m[1m[22m
[2m../../AppData/Local/Temp/chromatic--24324-4hGj3NqMY8eu/[22m[32massets/roboto-math-500-normal-nGmytUgK.woff           [39m[1m[2m   18.36 kB[22m[1m[22m
[2m../../AppData/Local/Temp/chromatic--24324-4hGj3NqMY8eu/[22m[32massets/roboto-math-700-normal-De_Mfcv-.woff           [39m[1m[2m   18.43 kB[22m[1m[22m
[2m../../AppData/Local/Temp/chromatic--24324-4hGj3NqMY8eu/[22m[32massets/roboto-math-300-normal-9fozW1Ii.woff           [39m[1m[2m   18.44 kB[22m[1m[22m
[2m../../AppData/Local/Temp/chromatic--24324-4hGj3NqMY8eu/[22m[32massets/roboto-latin-400-normal-BX2H0A0_.woff          [39m[1m[2m   19.57 kB[22m[1m[22m
[2m../../AppData/Local/Temp/chromatic--24324-4hGj3NqMY8eu/[22m[32massets/roboto-math-400-normal-B3wgz80t.woff2          [39m[1m[2m   19.66 kB[22m[1m[22m
[2m../../AppData/Local/Temp/chromatic--24324-4hGj3NqMY8eu/[22m[32massets/roboto-latin-500-normal-CoDN7ZW2.woff          [39m[1m[2m   19.67 kB[22m[1m[22m
[2m../../AppData/Local/Temp/chromatic--24324-4hGj3NqMY8eu/[22m[32massets/roboto-math-300-normal-BMxwzQmU.woff2          [39m[1m[2m   19.68 kB[22m[1m[22m
[2m../../AppData/Local/Temp/chromatic--24324-4hGj3NqMY8eu/[22m[32massets/roboto-latin-700-normal-DxC3k-1u.woff          [39m[1m[2m   19.72 kB[22m[1m[22m
[2m../../AppData/Local/Temp/chromatic--24324-4hGj3NqMY8eu/[22m[32massets/roboto-latin-300-normal--FIRE8Jd.woff          [39m[1m[2m   19.79 kB[22m[1m[22m
[2m../../AppData/Local/Temp/chromatic--24324-4hGj3NqMY8eu/[22m[32massets/roboto-math-700-normal-VUAI6Bz2.woff2          [39m[1m[2m   19.95 kB[22m[1m[22m
[2m../../AppData/Local/Temp/chromatic--24324-4hGj3NqMY8eu/[22m[32massets/roboto-math-500-normal-CFNaIMFC.woff2          [39m[1m[2m   19.98 kB[22m[1m[22m
[2m../../AppData/Local/Temp/chromatic--24324-4hGj3NqMY8eu/[22m[32massets/roboto-latin-400-normal-CNwBRw8h.woff2         [39m[1m[2m   20.61 kB[22m[1m[22m
[2m../../AppData/Local/Temp/chromatic--24324-4hGj3NqMY8eu/[22m[32massets/roboto-latin-300-normal-CztWkFGs.woff2         [39m[1m[2m   20.71 kB[22m[1m[22m
[2m../../AppData/Local/Temp/chromatic--24324-4hGj3NqMY8eu/[22m[32massets/roboto-latin-500-normal-CkrA1NAy.woff2         [39m[1m[2m   20.93 kB[22m[1m[22m
[2m../../AppData/Local/Temp/chromatic--24324-4hGj3NqMY8eu/[22m[32massets/roboto-latin-700-normal-CXeAXeti.woff2         [39m[1m[2m   21.00 kB[22m[1m[22m
[2m../../AppData/Local/Temp/chromatic--24324-4hGj3NqMY8eu/[22m[35massets/iframe-5GHB6AZ1.css                            [39m[1m[2m   46.83 kB[22m[1m[22m
[2m../../AppData/Local/Temp/chromatic--24324-4hGj3NqMY8eu/[22m[36massets/preload-helper-PPVm8Dsz.js                     [39m[1m[2m    1.23 kB[22m[1m[22m
[2m../../AppData/Local/Temp/chromatic--24324-4hGj3NqMY8eu/[22m[36massets/index-BAPjQW8z.js                              [39m[1m[2m    3.66 kB[22m[1m[22m
[2m../../AppData/Local/Temp/chromatic--24324-4hGj3NqMY8eu/[22m[36massets/IconButton.stories-XonGf2pB.js                 [39m[1m[2m    8.01 kB[22m[1m[22m
[2m../../AppData/Local/Temp/chromatic--24324-4hGj3NqMY8eu/[22m[36massets/Drawer.stories-Dx3d_Eju.js                     [39m[1m[2m    9.38 kB[22m[1m[22m
[2m../../AppData/Local/Temp/chromatic--24324-4hGj3NqMY8eu/[22m[36mvite-inject-mocker-entry.js                           [39m[1m[2m   28.30 kB[22m[1m[22m
[2m../../AppData/Local/Temp/chromatic--24324-4hGj3NqMY8eu/[22m[36massets/IconButton-Bq6BagYu.js                         [39m[1m[2m   31.56 kB[22m[1m[22m
[2m../../AppData/Local/Temp/chromatic--24324-4hGj3NqMY8eu/[22m[36massets/matchers-ZRZBO4XZ-C4Yr5gUZ.js                  [39m[1m[2m   31.75 kB[22m[1m[22m
[2m../../AppData/Local/Temp/chromatic--24324-4hGj3NqMY8eu/[22m[36massets/Info-DmqC5BRS.js                               [39m[1m[2m   47.32 kB[22m[1m[22m
[2m../../AppData/Local/Temp/chromatic--24324-4hGj3NqMY8eu/[22m[36massets/react-18-DHViX3YY.js                           [39m[1m[2m  181.47 kB[22m[1m[22m
[2m../../AppData/Local/Temp/chromatic--24324-4hGj3NqMY8eu/[22m[36massets/NavBar.stories-SZjmmiUk.js                     [39m[1m[2m  270.20 kB[22m[1m[22m
[2m../../AppData/Local/Temp/chromatic--24324-4hGj3NqMY8eu/[22m[36massets/axe-gNB5dCXe.js                                [39m[1m[33m  578.57 kB[39m[22m
[2m../../AppData/Local/Temp/chromatic--24324-4hGj3NqMY8eu/[22m[36massets/iframe-BoiVJOlK.js                             [39m[1m[33m1,241.13 kB[39m[22m
[32m✓ built in 16.34s[39m
info => Output directory: C:/Users/zuksi/AppData/Local/Temp/chromatic--24324-4hGj3NqMY8eu
